[GIN-debug] [WARNING] Running in "debug" mode. Switch to "release" mode in production.
 - using env:	export GIN_MODE=release
 - using code:	gin.SetMode(gin.ReleaseMode)

[GIN-debug] GET    /css/*filepath            --> github.com/gin-gonic/gin.(*RouterGroup).createStaticHandler.func1 (1 handlers)
[GIN-debug] HEAD   /css/*filepath            --> github.com/gin-gonic/gin.(*RouterGroup).createStaticHandler.func1 (1 handlers)
[GIN-debug] Loaded HTML Templates (4): 
	- 
	- footer.html
	- header.html
	- index.html

[GIN-debug] GET    /api/videos               --> main.main.func1 (5 handlers)
[GIN-debug] POST   /api/videos               --> main.main.func2 (5 handlers)
[GIN-debug] GET    /view/videos              --> pavlyysh/golang-gin-gonic/controller.VideoController.ShowAll-fm (5 handlers)
[GIN-debug] [WARNING] You trusted all proxies, this is NOT safe. We recommend you to set a value.
Please check https://github.com/gin-gonic/gin/blob/master/docs/doc.md#dont-trust-all-proxies for details.
[GIN-debug] Listening and serving HTTP on :8080
::1 - [30 Sep 25 16:33 MSK] /api/videos POST 200 338.191µs 
::1 - [30 Sep 25 16:33 MSK] /api/videos POST 200 156.347µs 
::1 - [30 Sep 25 16:33 MSK] /api/videos GET 200 110.707µs 
::1 - [30 Sep 25 16:34 MSK] /view/videos GET 200 333.359µs 
::1 - [30 Sep 25 16:34 MSK] /view/videos GET 401 250.626µs 
::1 - [30 Sep 25 16:34 MSK] /view/videos GET 200 832.278µs 
::1 - [30 Sep 25 16:34 MSK] /favicon.ico GET 401 4.067µs 
::1 - [30 Sep 25 16:34 MSK] /favicon.ico GET 404 114.032µs 
::1 - [30 Sep 25 16:42 MSK] /api/videos POST 200 188.509µs 
::1 - [30 Sep 25 16:42 MSK] /view/videos GET 200 458.703µs 
